0 info it worked if it ends with ok
1 verbose cli [ '/usr/bin/node', '/usr/bin/npm', 'update', '-g', 'bower' ]
2 info using npm@1.4.28
3 info using node@v0.10.37
4 verbose node symlink /usr/bin/node
5 verbose request where is /bower
6 verbose request registry https://registry.npmjs.org/
7 verbose request id 52f08d004bf3164a
8 verbose url raw /bower
9 verbose url resolving [ 'https://registry.npmjs.org/', './bower' ]
10 verbose url resolved https://registry.npmjs.org/bower
11 verbose request where is https://registry.npmjs.org/bower
12 info trying registry request attempt 1 at 22:21:08
13 verbose etag "66AAK138QH2KHBLC7QF85C7KX"
14 http GET https://registry.npmjs.org/bower
15 http 200 https://registry.npmjs.org/bower
16 silly registry.get cb [ 200,
16 silly registry.get   { date: 'Tue, 31 Mar 2015 01:21:10 GMT',
16 silly registry.get     server: 'CouchDB/1.5.0 (Erlang OTP/R16B03)',
16 silly registry.get     etag: '"BMCU4GRACS4DVWRXI9X6MBE16"',
16 silly registry.get     'content-type': 'application/json',
16 silly registry.get     'cache-control': 'max-age=60',
16 silly registry.get     'content-length': '109006',
16 silly registry.get     'accept-ranges': 'bytes',
16 silly registry.get     via: '1.1 varnish',
16 silly registry.get     age: '0',
16 silly registry.get     'x-served-by': 'cache-atl6231-ATL',
16 silly registry.get     'x-cache': 'HIT',
16 silly registry.get     'x-cache-hits': '1',
16 silly registry.get     'x-timer': 'S1427764870.361640,VS0,VE31',
16 silly registry.get     vary: 'Accept',
16 silly registry.get     'keep-alive': 'timeout=10, max=50',
16 silly registry.get     connection: 'Keep-Alive' } ]
17 info outdated updating [ [ '/usr/lib', 'bower', '1.3.12', '1.4.0', '1.4.0', 'latest' ] ]
18 verbose install where,what [ '/usr/lib', [ 'bower@1.4.0' ] ]
19 verbose cache add [ 'bower@1.4.0', null ]
20 verbose cache add name=undefined spec="bower@1.4.0" args=["bower@1.4.0",null]
21 verbose parsed url { protocol: null,
21 verbose parsed url   slashes: null,
21 verbose parsed url   auth: null,
21 verbose parsed url   host: null,
21 verbose parsed url   port: null,
21 verbose parsed url   hostname: null,
21 verbose parsed url   hash: null,
21 verbose parsed url   search: null,
21 verbose parsed url   query: null,
21 verbose parsed url   pathname: 'bower@1.4.0',
21 verbose parsed url   path: 'bower@1.4.0',
21 verbose parsed url   href: 'bower@1.4.0' }
22 verbose cache add name="bower" spec="1.4.0" args=["bower","1.4.0"]
23 verbose parsed url { protocol: null,
23 verbose parsed url   slashes: null,
23 verbose parsed url   auth: null,
23 verbose parsed url   host: null,
23 verbose parsed url   port: null,
23 verbose parsed url   hostname: null,
23 verbose parsed url   hash: null,
23 verbose parsed url   search: null,
23 verbose parsed url   query: null,
23 verbose parsed url   pathname: '1.4.0',
23 verbose parsed url   path: '1.4.0',
23 verbose parsed url   href: '1.4.0' }
24 verbose addNamed [ 'bower', '1.4.0' ]
25 verbose addNamed [ '1.4.0', '1.4.0' ]
26 silly lockFile 278d7e6e-bower-1-4-0 bower@1.4.0
27 verbose lock bower@1.4.0 /home/icastilho/.npm/278d7e6e-bower-1-4-0.lock
28 verbose registry.get https://registry.npmjs.org/bower not expired, no request
29 silly lockFile 2a50397e--npmjs-org-bower-bower-1-4-0-tgz https://registry.npmjs.org/bower/-/bower-1.4.0.tgz
30 verbose lock https://registry.npmjs.org/bower/-/bower-1.4.0.tgz /home/icastilho/.npm/2a50397e--npmjs-org-bower-bower-1-4-0-tgz.lock
31 verbose addRemoteTarball [ 'https://registry.npmjs.org/bower/-/bower-1.4.0.tgz',
31 verbose addRemoteTarball   '87cd9fdec193cbda2379f9cc52977a5829078617' ]
32 info retry fetch attempt 1 at 22:21:12
33 verbose fetch to= /tmp/npm-4508-Nus4Uahe/registry.npmjs.org/bower/-/bower-1.4.0.tgz
34 http GET https://registry.npmjs.org/bower/-/bower-1.4.0.tgz
35 http 200 https://registry.npmjs.org/bower/-/bower-1.4.0.tgz
36 silly lockFile 2a50397e--npmjs-org-bower-bower-1-4-0-tgz https://registry.npmjs.org/bower/-/bower-1.4.0.tgz
37 silly lockFile 2a50397e--npmjs-org-bower-bower-1-4-0-tgz https://registry.npmjs.org/bower/-/bower-1.4.0.tgz
38 silly lockFile 278d7e6e-bower-1-4-0 bower@1.4.0
39 silly lockFile 278d7e6e-bower-1-4-0 bower@1.4.0
40 error Error: EACCES, mkdir '/home/icastilho/.npm/bower/1.4.0'
40 error  { [Error: EACCES, mkdir '/home/icastilho/.npm/bower/1.4.0']
40 error   errno: 3,
40 error   code: 'EACCES',
40 error   path: '/home/icastilho/.npm/bower/1.4.0' }
41 error Please try running this command again as root/Administrator.
42 error System Linux 3.16.0-29-generic
43 error command "/usr/bin/node" "/usr/bin/npm" "update" "-g" "bower"
44 error cwd /home/icastilho/work/repository/carlosvilela/carlosvilela
45 error node -v v0.10.37
46 error npm -v 1.4.28
47 error path /home/icastilho/.npm/bower/1.4.0
48 error code EACCES
49 error errno 3
50 error stack Error: EACCES, mkdir '/home/icastilho/.npm/bower/1.4.0'
51 verbose exit [ 3, true ]
